\BOOKMARK [1][-]{section.1}{Introduction}{}% 1
\BOOKMARK [1][-]{section.2}{Motivation}{}% 2
\BOOKMARK [2][-]{subsection.2.1}{String Literal Types}{section.2}% 3
\BOOKMARK [2][-]{subsection.2.2}{Union Types}{section.2}% 4
\BOOKMARK [2][-]{subsection.2.3}{Flow-Sensitive If Statement}{section.2}% 5
\BOOKMARK [2][-]{subsection.2.4}{Indexed Access Types}{section.2}% 6
\BOOKMARK [2][-]{subsection.2.5}{Use Case}{section.2}% 7
\BOOKMARK [1][-]{section.3}{Problems}{}% 8
\BOOKMARK [2][-]{subsection.3.1}{Problem in 3.4}{section.3}% 9
\BOOKMARK [2][-]{subsection.3.2}{Problem in 3.5}{section.3}% 10
\BOOKMARK [2][-]{subsection.3.3}{General Problem}{section.3}% 11
\BOOKMARK [1][-]{section.4}{Discussion of Solutions}{}% 12
\BOOKMARK [2][-]{subsection.4.1}{Uniform Generics}{section.4}% 13
\BOOKMARK [2][-]{subsection.4.2}{Safer Narrowing}{section.4}% 14
\BOOKMARK [2][-]{subsection.4.3}{Comparison}{section.4}% 15
\BOOKMARK [1][-]{section.5}{Scenarios}{}% 16
\BOOKMARK [2][-]{subsection.5.1}{Main Scenario}{section.5}% 17
\BOOKMARK [1][-]{section.6}{Rules}{}% 18
\BOOKMARK [2][-]{subsection.6.1}{Typing Relation}{section.6}% 19
\BOOKMARK [2][-]{subsection.6.2}{Sub-Typing Relation 1: Sub-Typing Approach}{section.6}% 20
\BOOKMARK [2][-]{subsection.6.3}{Sub-Typing Relation 2: Type Evaluation Approach}{section.6}% 21
\BOOKMARK [2][-]{subsection.6.4}{Type Evaluation}{section.6}% 22
\BOOKMARK [2][-]{subsection.6.5}{Grammar}{section.6}% 23
\BOOKMARK [2][-]{subsection.6.6}{Sub-Typing Relation 3: Type Evaluation Approach \(Algorithmic\)}{section.6}% 24
\BOOKMARK [2][-]{subsection.6.7}{Type Evaluation}{section.6}% 25
\BOOKMARK [2][-]{subsection.6.8}{Bidirectional Typing}{section.6}% 26
\BOOKMARK [2][-]{subsection.6.9}{Condition Information}{section.6}% 27
\BOOKMARK [2][-]{subsection.6.10}{Context Operations}{section.6}% 28
\BOOKMARK [2][-]{subsection.6.11}{Term Evaluation}{section.6}% 29
